Command line:
   Adder4DigitsBCD_isim_beh.exe
     -simmode  gui
     -simrunnum  0
     -socket  37771

Wed Nov  7 10:42:50 2018


 Elaboration Time: 0.02 sec

 Current Memory Usage: 196.149 Meg

 Total Signals          : 254
 Total Nets             : 134
 Total Signal Drivers   : 97
 Total Blocks           : 46
 Total Primitive Blocks : 33
 Total Processes        : 97
 Total Traceable Variables  : 8
 Total Scalar Nets and Variables : 494
Total Line Count : 97

 Total Simulation Time: 0.02 sec

 Current Memory Usage: 271.651 Meg

Wed Nov  7 10:43:06 2018

