--------------------------------------------------------------------------------
Release 14.7 Trace  (lin64)
Copyright (c) 1995-2013 Xilinx, Inc.  All rights reserved.

/home/lukas/14.7/ISE_DS/ISE/bin/lin64/unwrapped/trce -intstyle ise -v 3 -s 3 -n
3 -fastpaths -xml Adder2DigitsBCD.twx Adder2DigitsBCD.ncd -o
Adder2DigitsBCD.twr Adder2DigitsBCD.pcf

Design file:              Adder2DigitsBCD.ncd
Physical constraint file: Adder2DigitsBCD.pcf
Device,package,speed:     xc7a100t,csg324,C,-3 (PRODUCTION 1.10 2013-10-13)
Report level:             verbose report

Environment Variable      Effect 
--------------------      ------ 
NONE                      No environment variables were set
--------------------------------------------------------------------------------

INFO:Timing:2698 - No timing constraints found, doing default enumeration.
INFO:Timing:3412 - To improve timing, see the Timing Closure User Guide (UG612).
INFO:Timing:2752 - To get complete path coverage, use the unconstrained paths 
   option. All paths that are not constrained will be reported in the 
   unconstrained paths section(s) of the report.
INFO:Timing:3339 - The clock-to-out numbers in this timing report are based on 
   a 50 Ohm transmission line loading model.  For the details of this model, 
   and for more information on accounting for different loading conditions, 
   please see the device datasheet.



Data Sheet report:
-----------------
All values displayed in nanoseconds (ns)

Pad to Pad
---------------+---------------+---------+
Source Pad     |Destination Pad|  Delay  |
---------------+---------------+---------+
A<0>           |Cout           |    6.422|
A<0>           |S_BCD<0>       |    5.264|
A<0>           |S_BCD<1>       |    6.342|
A<0>           |S_BCD<2>       |    6.428|
A<0>           |S_BCD<3>       |    6.141|
A<1>           |Cout           |    6.199|
A<1>           |S_BCD<1>       |    6.119|
A<1>           |S_BCD<2>       |    6.205|
A<1>           |S_BCD<3>       |    5.922|
A<2>           |Cout           |    5.157|
A<2>           |S_BCD<1>       |    5.084|
A<2>           |S_BCD<2>       |    5.183|
A<2>           |S_BCD<3>       |    5.096|
A<3>           |Cout           |    5.454|
A<3>           |S_BCD<1>       |    5.385|
A<3>           |S_BCD<2>       |    5.311|
A<3>           |S_BCD<3>       |    5.302|
B<0>           |Cout           |    6.533|
B<0>           |S_BCD<0>       |    5.444|
B<0>           |S_BCD<1>       |    6.453|
B<0>           |S_BCD<2>       |    6.539|
B<0>           |S_BCD<3>       |    6.264|
B<1>           |Cout           |    6.394|
B<1>           |S_BCD<1>       |    6.314|
B<1>           |S_BCD<2>       |    6.400|
B<1>           |S_BCD<3>       |    6.124|
B<2>           |Cout           |    5.650|
B<2>           |S_BCD<1>       |    5.574|
B<2>           |S_BCD<2>       |    5.595|
B<2>           |S_BCD<3>       |    5.498|
B<3>           |Cout           |    5.663|
B<3>           |S_BCD<1>       |    5.598|
B<3>           |S_BCD<2>       |    5.506|
B<3>           |S_BCD<3>       |    5.581|
Cin            |Cout           |    6.652|
Cin            |S_BCD<0>       |    5.318|
Cin            |S_BCD<1>       |    6.572|
Cin            |S_BCD<2>       |    6.658|
Cin            |S_BCD<3>       |    6.367|
---------------+---------------+---------+


Analysis completed Sun Oct 28 12:53:37 2018 
--------------------------------------------------------------------------------

Trace Settings:
-------------------------
Trace Settings 

Peak Memory Usage: 763 MB



