Release 14.7 - xst P.20131013 (lin64)
Copyright (c) 1995-2013 Xilinx, Inc.  All rights reserved.
--> 
Parameter TMPDIR set to xst/projnav.tmp


Total REAL time to Xst completion: 0.00 secs
Total CPU time to Xst completion: 0.06 secs
 
--> 
Parameter xsthdpdir set to xst


Total REAL time to Xst completion: 0.00 secs
Total CPU time to Xst completion: 0.06 secs
 
--> 
Reading design: Adder4DigitsBCD.prj

TABLE OF CONTENTS
  1) Synthesis Options Summary
  2) HDL Parsing
  3) HDL Elaboration
  4) HDL Synthesis
       4.1) HDL Synthesis Report
  5) Advanced HDL Synthesis
       5.1) Advanced HDL Synthesis Report
  6) Low Level Synthesis
  7) Partition Report
  8) Design Summary
       8.1) Primitive and Black Box Usage
       8.2) Device utilization summary
       8.3) Partition Resource Summary
       8.4) Timing Report
            8.4.1) Clock Information
            8.4.2) Asynchronous Control Signals Information
            8.4.3) Timing Summary
            8.4.4) Timing Details
            8.4.5) Cross Clock Domains Report


=========================================================================
*                      Synthesis Options Summary                        *
=========================================================================
---- Source Parameters
Input File Name                    : "Adder4DigitsBCD.prj"
Ignore Synthesis Constraint File   : NO

---- Target Parameters
Output File Name                   : "Adder4DigitsBCD"
Output Format                      : NGC
Target Device                      : xc7a100t-3-csg324

---- Source Options
Top Module Name                    : Adder4DigitsBCD
Automatic FSM Extraction           : YES
FSM Encoding Algorithm             : Auto
Safe Implementation                : No
FSM Style                          : LUT
RAM Extraction                     : Yes
RAM Style                          : Auto
ROM Extraction                     : Yes
Shift Register Extraction          : YES
ROM Style                          : Auto
Resource Sharing                   : YES
Asynchronous To Synchronous        : NO
Shift Register Minimum Size        : 2
Use DSP Block                      : Auto
Automatic Register Balancing       : No

---- Target Options
LUT Combining                      : Auto
Reduce Control Sets                : Auto
Add IO Buffers                     : YES
Global Maximum Fanout              : 100000
Add Generic Clock Buffer(BUFG)     : 32
Register Duplication               : YES
Optimize Instantiated Primitives   : NO
Use Clock Enable                   : Auto
Use Synchronous Set                : Auto
Use Synchronous Reset              : Auto
Pack IO Registers into IOBs        : Auto
Equivalent register Removal        : YES

---- General Options
Optimization Goal                  : Speed
Optimization Effort                : 1
Power Reduction                    : NO
Keep Hierarchy                     : No
Netlist Hierarchy                  : As_Optimized
RTL Output                         : Yes
Global Optimization                : AllClockNets
Read Cores                         : YES
Write Timing Constraints           : NO
Cross Clock Analysis               : NO
Hierarchy Separator                : /
Bus Delimiter                      : <>
Case Specifier                     : Maintain
Slice Utilization Ratio            : 100
BRAM Utilization Ratio             : 100
DSP48 Utilization Ratio            : 100
Auto BRAM Packing                  : NO
Slice Utilization Ratio Delta      : 5

=========================================================================


=========================================================================
*                          HDL Parsing                                  *
=========================================================================
Parsing VHDL file "/home/lukas/ISE_PROJETOS/SD_BCD_OP/Adder1Bit.vhd" into library work
Parsing entity <Adder1Bit>.
Parsing architecture <Behavioral> of entity <adder1bit>.
Parsing VHDL file "/home/lukas/ISE_PROJETOS/SD_BCD_OP/Adder4Bits.vhd" into library work
Parsing entity <Adder4Bits>.
Parsing architecture <Behavioral> of entity <adder4bits>.
Parsing VHDL file "/home/lukas/ISE_PROJETOS/SD_BCD_OP/Adder2DigitsBCD.vhd" into library work
Parsing entity <Adder2DigitsBCD>.
Parsing architecture <Behavioral> of entity <adder2digitsbcd>.
Parsing VHDL file "/home/lukas/ISE_PROJETOS/SD_BCD_OP/Adder4x4Digits.vhd" into library work
Parsing entity <Adder4x4DigitsBCD>.
Parsing architecture <Behavioral> of entity <adder4digitsbcd>.
ERROR:HDLCompiler:374 - "/home/lukas/ISE_PROJETOS/SD_BCD_OP/Adder4x4Digits.vhd" Line 39: Entity <adder4digitsbcd> is not yet compiled.
ERROR:HDLCompiler:69 - "/home/lukas/ISE_PROJETOS/SD_BCD_OP/Adder4x4Digits.vhd" Line 41: <std_logic_vector> is not declared.
ERROR:HDLCompiler:69 - "/home/lukas/ISE_PROJETOS/SD_BCD_OP/Adder4x4Digits.vhd" Line 44: <std_logic_vector> is not declared.
ERROR:HDLCompiler:69 - "/home/lukas/ISE_PROJETOS/SD_BCD_OP/Adder4x4Digits.vhd" Line 45: <std_logic_vector> is not declared.
ERROR:HDLCompiler:69 - "/home/lukas/ISE_PROJETOS/SD_BCD_OP/Adder4x4Digits.vhd" Line 46: <std_logic> is not declared.
ERROR:HDLCompiler:69 - "/home/lukas/ISE_PROJETOS/SD_BCD_OP/Adder4x4Digits.vhd" Line 47: <std_logic_vector> is not declared.
ERROR:HDLCompiler:69 - "/home/lukas/ISE_PROJETOS/SD_BCD_OP/Adder4x4Digits.vhd" Line 48: <std_logic> is not declared.
ERROR:HDLCompiler:69 - "/home/lukas/ISE_PROJETOS/SD_BCD_OP/Adder4x4Digits.vhd" Line 53: <a> is not declared.
ERROR:HDLCompiler:629 - "/home/lukas/ISE_PROJETOS/SD_BCD_OP/Adder4x4Digits.vhd" Line 54: Near character '0' ; 0 visible types match here
ERROR:HDLCompiler:69 - "/home/lukas/ISE_PROJETOS/SD_BCD_OP/Adder4x4Digits.vhd" Line 54: <s> is not declared.
ERROR:HDLCompiler:192 - "/home/lukas/ISE_PROJETOS/SD_BCD_OP/Adder4x4Digits.vhd" Line 54: Actual of formal out port saida cannot be an expression
ERROR:HDLCompiler:69 - "/home/lukas/ISE_PROJETOS/SD_BCD_OP/Adder4x4Digits.vhd" Line 56: <a> is not declared.
ERROR:HDLCompiler:69 - "/home/lukas/ISE_PROJETOS/SD_BCD_OP/Adder4x4Digits.vhd" Line 57: <cout4digitsbcd> is not declared.
ERROR:HDLCompiler:192 - "/home/lukas/ISE_PROJETOS/SD_BCD_OP/Adder4x4Digits.vhd" Line 57: Actual of formal out port saida cannot be an expression
ERROR:HDLCompiler:69 - "/home/lukas/ISE_PROJETOS/SD_BCD_OP/Adder4x4Digits.vhd" Line 59: <a> is not declared.
ERROR:HDLCompiler:69 - "/home/lukas/ISE_PROJETOS/SD_BCD_OP/Adder4x4Digits.vhd" Line 60: <cout4digitsbcd> is not declared.
ERROR:HDLCompiler:192 - "/home/lukas/ISE_PROJETOS/SD_BCD_OP/Adder4x4Digits.vhd" Line 60: Actual of formal out port saida cannot be an expression
ERROR:HDLCompiler:69 - "/home/lukas/ISE_PROJETOS/SD_BCD_OP/Adder4x4Digits.vhd" Line 62: <a> is not declared.
ERROR:HDLCompiler:69 - "/home/lukas/ISE_PROJETOS/SD_BCD_OP/Adder4x4Digits.vhd" Line 63: <cout4digitsbcd> is not declared.
Sorry, too many errors..
--> 


Total memory usage is 344384 kilobytes

Number of errors   :   19 (   0 filtered)
Number of warnings :    0 (   0 filtered)
Number of infos    :    0 (   0 filtered)

