--------------------------------------------------------------------------------
Release 14.7 Trace  (lin64)
Copyright (c) 1995-2013 Xilinx, Inc.  All rights reserved.

/home/lukas/14.7/ISE_DS/ISE/bin/lin64/unwrapped/trce -intstyle ise -v 3 -s 3 -n
3 -fastpaths -xml Adder4DigitsBCD.twx Adder4DigitsBCD.ncd -o
Adder4DigitsBCD.twr Adder4DigitsBCD.pcf

Design file:              Adder4DigitsBCD.ncd
Physical constraint file: Adder4DigitsBCD.pcf
Device,package,speed:     xc7a100t,csg324,C,-3 (PRODUCTION 1.10 2013-10-13)
Report level:             verbose report

Environment Variable      Effect 
--------------------      ------ 
NONE                      No environment variables were set
--------------------------------------------------------------------------------

INFO:Timing:2698 - No timing constraints found, doing default enumeration.
INFO:Timing:3412 - To improve timing, see the Timing Closure User Guide (UG612).
INFO:Timing:2752 - To get complete path coverage, use the unconstrained paths 
   option. All paths that are not constrained will be reported in the 
   unconstrained paths section(s) of the report.
INFO:Timing:3339 - The clock-to-out numbers in this timing report are based on 
   a 50 Ohm transmission line loading model.  For the details of this model, 
   and for more information on accounting for different loading conditions, 
   please see the device datasheet.



Data Sheet report:
-----------------
All values displayed in nanoseconds (ns)

Pad to Pad
---------------+---------------+---------+
Source Pad     |Destination Pad|  Delay  |
---------------+---------------+---------+
A<0>           |Cout           |   11.550|
A<0>           |S<0>           |    5.912|
A<0>           |S<1>           |    8.177|
A<0>           |S<2>           |    8.122|
A<0>           |S<3>           |    7.502|
A<0>           |S<4>           |    7.096|
A<0>           |S<5>           |   10.194|
A<0>           |S<6>           |    9.089|
A<0>           |S<7>           |    8.968|
A<0>           |S<8>           |    9.295|
A<0>           |S<9>           |   10.635|
A<0>           |S<10>          |   10.371|
A<0>           |S<11>          |   10.452|
A<0>           |S<12>          |   11.274|
A<0>           |S<13>          |   11.843|
A<0>           |S<14>          |   11.702|
A<0>           |S<15>          |   11.075|
A<1>           |Cout           |   11.851|
A<1>           |S<1>           |    8.478|
A<1>           |S<2>           |    8.423|
A<1>           |S<3>           |    7.803|
A<1>           |S<4>           |    7.397|
A<1>           |S<5>           |   10.495|
A<1>           |S<6>           |    9.390|
A<1>           |S<7>           |    9.269|
A<1>           |S<8>           |    9.596|
A<1>           |S<9>           |   10.936|
A<1>           |S<10>          |   10.672|
A<1>           |S<11>          |   10.753|
A<1>           |S<12>          |   11.575|
A<1>           |S<13>          |   12.144|
A<1>           |S<14>          |   12.003|
A<1>           |S<15>          |   11.376|
A<2>           |Cout           |   10.853|
A<2>           |S<1>           |    7.480|
A<2>           |S<2>           |    7.425|
A<2>           |S<3>           |    6.805|
A<2>           |S<4>           |    6.399|
A<2>           |S<5>           |    9.497|
A<2>           |S<6>           |    8.392|
A<2>           |S<7>           |    8.271|
A<2>           |S<8>           |    8.598|
A<2>           |S<9>           |    9.938|
A<2>           |S<10>          |    9.674|
A<2>           |S<11>          |    9.755|
A<2>           |S<12>          |   10.577|
A<2>           |S<13>          |   11.146|
A<2>           |S<14>          |   11.005|
A<2>           |S<15>          |   10.378|
A<3>           |Cout           |   10.493|
A<3>           |S<1>           |    7.120|
A<3>           |S<2>           |    7.065|
A<3>           |S<3>           |    6.443|
A<3>           |S<4>           |    6.377|
A<3>           |S<5>           |    9.137|
A<3>           |S<6>           |    8.032|
A<3>           |S<7>           |    7.911|
A<3>           |S<8>           |    8.238|
A<3>           |S<9>           |    9.578|
A<3>           |S<10>          |    9.314|
A<3>           |S<11>          |    9.395|
A<3>           |S<12>          |   10.217|
A<3>           |S<13>          |   10.786|
A<3>           |S<14>          |   10.645|
A<3>           |S<15>          |   10.018|
A<4>           |Cout           |    9.600|
A<4>           |S<4>           |    6.024|
A<4>           |S<5>           |    8.244|
A<4>           |S<6>           |    7.139|
A<4>           |S<7>           |    7.006|
A<4>           |S<8>           |    7.333|
A<4>           |S<9>           |    8.685|
A<4>           |S<10>          |    8.421|
A<4>           |S<11>          |    8.502|
A<4>           |S<12>          |    9.324|
A<4>           |S<13>          |    9.893|
A<4>           |S<14>          |    9.752|
A<4>           |S<15>          |    9.125|
A<5>           |Cout           |    9.622|
A<5>           |S<5>           |    8.266|
A<5>           |S<6>           |    7.161|
A<5>           |S<7>           |    7.044|
A<5>           |S<8>           |    7.371|
A<5>           |S<9>           |    8.707|
A<5>           |S<10>          |    8.443|
A<5>           |S<11>          |    8.524|
A<5>           |S<12>          |    9.346|
A<5>           |S<13>          |    9.915|
A<5>           |S<14>          |    9.774|
A<5>           |S<15>          |    9.147|
A<6>           |Cout           |    9.128|
A<6>           |S<5>           |    7.772|
A<6>           |S<6>           |    6.338|
A<6>           |S<7>           |    6.673|
A<6>           |S<8>           |    6.678|
A<6>           |S<9>           |    8.213|
A<6>           |S<10>          |    7.949|
A<6>           |S<11>          |    8.030|
A<6>           |S<12>          |    8.852|
A<6>           |S<13>          |    9.421|
A<6>           |S<14>          |    9.280|
A<6>           |S<15>          |    8.653|
A<7>           |Cout           |    8.782|
A<7>           |S<5>           |    7.426|
A<7>           |S<6>           |    6.369|
A<7>           |S<7>           |    6.370|
A<7>           |S<8>           |    6.429|
A<7>           |S<9>           |    7.867|
A<7>           |S<10>          |    7.603|
A<7>           |S<11>          |    7.684|
A<7>           |S<12>          |    8.506|
A<7>           |S<13>          |    9.075|
A<7>           |S<14>          |    8.934|
A<7>           |S<15>          |    8.307|
A<8>           |Cout           |    8.402|
A<8>           |S<8>           |    6.227|
A<8>           |S<9>           |    7.487|
A<8>           |S<10>          |    7.214|
A<8>           |S<11>          |    7.295|
A<8>           |S<12>          |    8.117|
A<8>           |S<13>          |    8.695|
A<8>           |S<14>          |    8.554|
A<8>           |S<15>          |    7.927|
A<9>           |Cout           |    7.985|
A<9>           |S<9>           |    7.070|
A<9>           |S<10>          |    6.799|
A<9>           |S<11>          |    6.880|
A<9>           |S<12>          |    7.702|
A<9>           |S<13>          |    8.278|
A<9>           |S<14>          |    8.137|
A<9>           |S<15>          |    7.510|
A<10>          |Cout           |    7.617|
A<10>          |S<9>           |    6.702|
A<10>          |S<10>          |    6.159|
A<10>          |S<11>          |    6.255|
A<10>          |S<12>          |    7.069|
A<10>          |S<13>          |    7.910|
A<10>          |S<14>          |    7.769|
A<10>          |S<15>          |    7.142|
A<11>          |Cout           |    7.429|
A<11>          |S<9>           |    6.514|
A<11>          |S<10>          |    5.780|
A<11>          |S<11>          |    5.872|
A<11>          |S<12>          |    5.752|
A<11>          |S<13>          |    7.722|
A<11>          |S<14>          |    7.581|
A<11>          |S<15>          |    6.954|
A<12>          |Cout           |    7.375|
A<12>          |S<12>          |    6.219|
A<12>          |S<13>          |    7.668|
A<12>          |S<14>          |    7.527|
A<12>          |S<15>          |    6.900|
A<13>          |Cout           |    6.768|
A<13>          |S<13>          |    7.061|
A<13>          |S<14>          |    6.920|
A<13>          |S<15>          |    6.293|
A<14>          |Cout           |    5.827|
A<14>          |S<13>          |    6.120|
A<14>          |S<14>          |    6.197|
A<14>          |S<15>          |    6.220|
A<15>          |Cout           |    5.753|
A<15>          |S<13>          |    6.046|
A<15>          |S<14>          |    5.712|
A<15>          |S<15>          |    5.666|
B<0>           |Cout           |   11.116|
B<0>           |S<0>           |    5.582|
B<0>           |S<1>           |    7.743|
B<0>           |S<2>           |    7.688|
B<0>           |S<3>           |    7.068|
B<0>           |S<4>           |    6.662|
B<0>           |S<5>           |    9.760|
B<0>           |S<6>           |    8.655|
B<0>           |S<7>           |    8.534|
B<0>           |S<8>           |    8.861|
B<0>           |S<9>           |   10.201|
B<0>           |S<10>          |    9.937|
B<0>           |S<11>          |   10.018|
B<0>           |S<12>          |   10.840|
B<0>           |S<13>          |   11.409|
B<0>           |S<14>          |   11.268|
B<0>           |S<15>          |   10.641|
B<1>           |Cout           |   11.432|
B<1>           |S<1>           |    8.059|
B<1>           |S<2>           |    8.004|
B<1>           |S<3>           |    7.384|
B<1>           |S<4>           |    6.978|
B<1>           |S<5>           |   10.076|
B<1>           |S<6>           |    8.971|
B<1>           |S<7>           |    8.850|
B<1>           |S<8>           |    9.177|
B<1>           |S<9>           |   10.517|
B<1>           |S<10>          |   10.253|
B<1>           |S<11>          |   10.334|
B<1>           |S<12>          |   11.156|
B<1>           |S<13>          |   11.725|
B<1>           |S<14>          |   11.584|
B<1>           |S<15>          |   10.957|
B<2>           |Cout           |   10.763|
B<2>           |S<1>           |    7.390|
B<2>           |S<2>           |    7.335|
B<2>           |S<3>           |    6.703|
B<2>           |S<4>           |    6.201|
B<2>           |S<5>           |    9.407|
B<2>           |S<6>           |    8.302|
B<2>           |S<7>           |    8.181|
B<2>           |S<8>           |    8.508|
B<2>           |S<9>           |    9.848|
B<2>           |S<10>          |    9.584|
B<2>           |S<11>          |    9.665|
B<2>           |S<12>          |   10.487|
B<2>           |S<13>          |   11.056|
B<2>           |S<14>          |   10.915|
B<2>           |S<15>          |   10.288|
B<3>           |Cout           |    9.718|
B<3>           |S<1>           |    6.345|
B<3>           |S<2>           |    6.290|
B<3>           |S<3>           |    5.662|
B<3>           |S<4>           |    5.765|
B<3>           |S<5>           |    8.362|
B<3>           |S<6>           |    7.257|
B<3>           |S<7>           |    7.136|
B<3>           |S<8>           |    7.463|
B<3>           |S<9>           |    8.803|
B<3>           |S<10>          |    8.539|
B<3>           |S<11>          |    8.620|
B<3>           |S<12>          |    9.442|
B<3>           |S<13>          |   10.011|
B<3>           |S<14>          |    9.870|
B<3>           |S<15>          |    9.243|
B<4>           |Cout           |    9.476|
B<4>           |S<4>           |    5.789|
B<4>           |S<5>           |    8.120|
B<4>           |S<6>           |    7.015|
B<4>           |S<7>           |    6.884|
B<4>           |S<8>           |    7.211|
B<4>           |S<9>           |    8.561|
B<4>           |S<10>          |    8.297|
B<4>           |S<11>          |    8.378|
B<4>           |S<12>          |    9.200|
B<4>           |S<13>          |    9.769|
B<4>           |S<14>          |    9.628|
B<4>           |S<15>          |    9.001|
B<5>           |Cout           |    9.029|
B<5>           |S<5>           |    7.673|
B<5>           |S<6>           |    6.568|
B<5>           |S<7>           |    6.443|
B<5>           |S<8>           |    6.770|
B<5>           |S<9>           |    8.114|
B<5>           |S<10>          |    7.850|
B<5>           |S<11>          |    7.931|
B<5>           |S<12>          |    8.753|
B<5>           |S<13>          |    9.322|
B<5>           |S<14>          |    9.181|
B<5>           |S<15>          |    8.554|
B<6>           |Cout           |    8.291|
B<6>           |S<5>           |    6.935|
B<6>           |S<6>           |    5.710|
B<6>           |S<7>           |    5.530|
B<6>           |S<8>           |    6.233|
B<6>           |S<9>           |    7.376|
B<6>           |S<10>          |    7.112|
B<6>           |S<11>          |    7.193|
B<6>           |S<12>          |    8.015|
B<6>           |S<13>          |    8.584|
B<6>           |S<14>          |    8.443|
B<6>           |S<15>          |    7.816|
B<7>           |Cout           |    8.159|
B<7>           |S<5>           |    6.803|
B<7>           |S<6>           |    5.585|
B<7>           |S<7>           |    5.808|
B<7>           |S<8>           |    5.699|
B<7>           |S<9>           |    7.244|
B<7>           |S<10>          |    6.980|
B<7>           |S<11>          |    7.061|
B<7>           |S<12>          |    7.883|
B<7>           |S<13>          |    8.452|
B<7>           |S<14>          |    8.311|
B<7>           |S<15>          |    7.684|
B<8>           |Cout           |    7.913|
B<8>           |S<8>           |    5.763|
B<8>           |S<9>           |    6.998|
B<8>           |S<10>          |    6.733|
B<8>           |S<11>          |    6.814|
B<8>           |S<12>          |    7.636|
B<8>           |S<13>          |    8.206|
B<8>           |S<14>          |    8.065|
B<8>           |S<15>          |    7.438|
B<9>           |Cout           |    7.944|
B<9>           |S<9>           |    7.029|
B<9>           |S<10>          |    6.749|
B<9>           |S<11>          |    6.830|
B<9>           |S<12>          |    7.652|
B<9>           |S<13>          |    8.237|
B<9>           |S<14>          |    8.096|
B<9>           |S<15>          |    7.469|
B<10>          |Cout           |    7.027|
B<10>          |S<9>           |    6.112|
B<10>          |S<10>          |    5.491|
B<10>          |S<11>          |    5.579|
B<10>          |S<12>          |    6.671|
B<10>          |S<13>          |    7.320|
B<10>          |S<14>          |    7.179|
B<10>          |S<15>          |    6.552|
B<11>          |Cout           |    7.087|
B<11>          |S<9>           |    6.172|
B<11>          |S<10>          |    5.432|
B<11>          |S<11>          |    5.678|
B<11>          |S<12>          |    5.785|
B<11>          |S<13>          |    7.380|
B<11>          |S<14>          |    7.239|
B<11>          |S<15>          |    6.612|
B<12>          |Cout           |    6.633|
B<12>          |S<12>          |    6.415|
B<12>          |S<13>          |    6.926|
B<12>          |S<14>          |    6.785|
B<12>          |S<15>          |    6.158|
B<13>          |Cout           |    6.630|
B<13>          |S<13>          |    6.923|
B<13>          |S<14>          |    6.782|
B<13>          |S<15>          |    6.155|
B<14>          |Cout           |    5.860|
B<14>          |S<13>          |    6.153|
B<14>          |S<14>          |    5.708|
B<14>          |S<15>          |    5.876|
B<15>          |Cout           |    5.822|
B<15>          |S<13>          |    6.115|
B<15>          |S<14>          |    5.876|
B<15>          |S<15>          |    5.937|
---------------+---------------+---------+


Analysis completed Wed Nov  7 10:43:17 2018 
--------------------------------------------------------------------------------

Trace Settings:
-------------------------
Trace Settings 

Peak Memory Usage: 763 MB



