Release 14.7 - xst P.20131013 (lin64)
Copyright (c) 1995-2013 Xilinx, Inc.  All rights reserved.
--> 
Parameter TMPDIR set to xst/projnav.tmp


Total REAL time to Xst completion: 0.00 secs
Total CPU time to Xst completion: 0.06 secs
 
--> 
Parameter xsthdpdir set to xst


Total REAL time to Xst completion: 0.00 secs
Total CPU time to Xst completion: 0.06 secs
 
--> 
Reading design: Adder4x4DigitsBCD.prj

TABLE OF CONTENTS
  1) Synthesis Options Summary
  2) HDL Parsing
  3) HDL Elaboration
  4) HDL Synthesis
       4.1) HDL Synthesis Report
  5) Advanced HDL Synthesis
       5.1) Advanced HDL Synthesis Report
  6) Low Level Synthesis
  7) Partition Report
  8) Design Summary
       8.1) Primitive and Black Box Usage
       8.2) Device utilization summary
       8.3) Partition Resource Summary
       8.4) Timing Report
            8.4.1) Clock Information
            8.4.2) Asynchronous Control Signals Information
            8.4.3) Timing Summary
            8.4.4) Timing Details
            8.4.5) Cross Clock Domains Report


=========================================================================
*                      Synthesis Options Summary                        *
=========================================================================
---- Source Parameters
Input File Name                    : "Adder4x4DigitsBCD.prj"
Ignore Synthesis Constraint File   : NO

---- Target Parameters
Output File Name                   : "Adder4x4DigitsBCD"
Output Format                      : NGC
Target Device                      : xc7a100t-3-csg324

---- Source Options
Top Module Name                    : Adder4x4DigitsBCD
Automatic FSM Extraction           : YES
FSM Encoding Algorithm             : Auto
Safe Implementation                : No
FSM Style                          : LUT
RAM Extraction                     : Yes
RAM Style                          : Auto
ROM Extraction                     : Yes
Shift Register Extraction          : YES
ROM Style                          : Auto
Resource Sharing                   : YES
Asynchronous To Synchronous        : NO
Shift Register Minimum Size        : 2
Use DSP Block                      : Auto
Automatic Register Balancing       : No

---- Target Options
LUT Combining                      : Auto
Reduce Control Sets                : Auto
Add IO Buffers                     : YES
Global Maximum Fanout              : 100000
Add Generic Clock Buffer(BUFG)     : 32
Register Duplication               : YES
Optimize Instantiated Primitives   : NO
Use Clock Enable                   : Auto
Use Synchronous Set                : Auto
Use Synchronous Reset              : Auto
Pack IO Registers into IOBs        : Auto
Equivalent register Removal        : YES

---- General Options
Optimization Goal                  : Speed
Optimization Effort                : 1
Power Reduction                    : NO
Keep Hierarchy                     : No
Netlist Hierarchy                  : As_Optimized
RTL Output                         : Yes
Global Optimization                : AllClockNets
Read Cores                         : YES
Write Timing Constraints           : NO
Cross Clock Analysis               : NO
Hierarchy Separator                : /
Bus Delimiter                      : <>
Case Specifier                     : Maintain
Slice Utilization Ratio            : 100
BRAM Utilization Ratio             : 100
DSP48 Utilization Ratio            : 100
Auto BRAM Packing                  : NO
Slice Utilization Ratio Delta      : 5

=========================================================================


=========================================================================
*                          HDL Parsing                                  *
=========================================================================
Parsing VHDL file "/home/lukas/ISE_PROJETOS/SD_BCD_OP/Adder1Bit.vhd" into library work
Parsing entity <Adder1Bit>.
Parsing architecture <Behavioral> of entity <adder1bit>.
Parsing VHDL file "/home/lukas/ISE_PROJETOS/SD_BCD_OP/Adder4Bits.vhd" into library work
Parsing entity <Adder4Bits>.
Parsing architecture <Behavioral> of entity <adder4bits>.
Parsing VHDL file "/home/lukas/ISE_PROJETOS/SD_BCD_OP/Adder2DigitsBCD.vhd" into library work
Parsing entity <Adder2DigitsBCD>.
Parsing architecture <Behavioral> of entity <adder2digitsbcd>.
Parsing VHDL file "/home/lukas/ISE_PROJETOS/SD_BCD_OP/Adder4x4Digits.vhd" into library work
Parsing entity <Adder4x4DigitsBCD>.
Parsing architecture <Behavioral> of entity <adder4x4digitsbcd>.

=========================================================================
*                            HDL Elaboration                            *
=========================================================================

Elaborating entity <Adder4x4DigitsBCD> (architecture <Behavioral>) from library <work>.

Elaborating entity <Adder2DigitsBCD> (architecture <Behavioral>) from library <work>.

Elaborating entity <Adder4Bits> (architecture <Behavioral>) from library <work>.

Elaborating entity <Adder1Bit> (architecture <Behavioral>) from library <work>.

=========================================================================
*                           HDL Synthesis                               *
=========================================================================

Synthesizing Unit <Adder4x4DigitsBCD>.
    Related source file is "/home/lukas/ISE_PROJETOS/SD_BCD_OP/Adder4x4Digits.vhd".
    Summary:
	no macro.
Unit <Adder4x4DigitsBCD> synthesized.

Synthesizing Unit <Adder2DigitsBCD>.
    Related source file is "/home/lukas/ISE_PROJETOS/SD_BCD_OP/Adder2DigitsBCD.vhd".
INFO:Xst:3210 - "/home/lukas/ISE_PROJETOS/SD_BCD_OP/Adder2DigitsBCD.vhd" line 71: Output port <Cout> of the instance <Adder_6> is unconnected or connected to loadless signal.
    Summary:
	no macro.
Unit <Adder2DigitsBCD> synthesized.

Synthesizing Unit <Adder4Bits>.
    Related source file is "/home/lukas/ISE_PROJETOS/SD_BCD_OP/Adder4Bits.vhd".
    Summary:
	no macro.
Unit <Adder4Bits> synthesized.

Synthesizing Unit <Adder1Bit>.
    Related source file is "/home/lukas/ISE_PROJETOS/SD_BCD_OP/Adder1Bit.vhd".
    Summary:
Unit <Adder1Bit> synthesized.

=========================================================================
HDL Synthesis Report

Macro Statistics
# Xors                                                 : 64
 1-bit xor2                                            : 64

=========================================================================

=========================================================================
*                       Advanced HDL Synthesis                          *
=========================================================================


=========================================================================
Advanced HDL Synthesis Report

Macro Statistics
# Xors                                                 : 64
 1-bit xor2                                            : 64

=========================================================================

=========================================================================
*                         Low Level Synthesis                           *
=========================================================================

Optimizing unit <Adder4x4DigitsBCD> ...

Mapping all equations...
Building and optimizing final netlist ...
Found area constraint ratio of 100 (+ 5) on block Adder4x4DigitsBCD, actual ratio is 0.

Final Macro Processing ...

=========================================================================
Final Register Report

Found no macro
=========================================================================

=========================================================================
*                           Partition Report                            *
=========================================================================

Partition Implementation Status
-------------------------------

  No Partitions were found in this design.

-------------------------------

=========================================================================
*                            Design Summary                             *
=========================================================================

Top Level Output File Name         : Adder4x4DigitsBCD.ngc

Primitive and Black Box Usage:
------------------------------
# BELS                             : 34
#      LUT3                        : 4
#      LUT4                        : 3
#      LUT5                        : 8
#      LUT6                        : 19
# IO Buffers                       : 50
#      IBUF                        : 33
#      OBUF                        : 17

Device utilization summary:
---------------------------

Selected Device : 7a100tcsg324-3 


Slice Logic Utilization: 
 Number of Slice LUTs:                   34  out of  63400     0%  
    Number used as Logic:                34  out of  63400     0%  

Slice Logic Distribution: 
 Number of LUT Flip Flop pairs used:     34
   Number with an unused Flip Flop:      34  out of     34   100%  
   Number with an unused LUT:             0  out of     34     0%  
   Number of fully used LUT-FF pairs:     0  out of     34     0%  
   Number of unique control sets:         0

IO Utilization: 
 Number of IOs:                          50
 Number of bonded IOBs:                  50  out of    210    23%  

Specific Feature Utilization:

---------------------------
Partition Resource Summary:
---------------------------

  No Partitions were found in this design.

---------------------------


=========================================================================
Timing Report

NOTE: THESE TIMING NUMBERS ARE ONLY A SYNTHESIS ESTIMATE.
      FOR ACCURATE TIMING INFORMATION PLEASE REFER TO THE TRACE REPORT
      GENERATED AFTER PLACE-and-ROUTE.

Clock Information:
------------------
No clock signals found in this design

Asynchronous Control Signals Information:
----------------------------------------
No asynchronous control signals found in this design

Timing Summary:
---------------
Speed Grade: -3

   Minimum period: No path found
   Minimum input arrival time before clock: No path found
   Maximum output required time after clock: No path found
   Maximum combinational path delay: 6.427ns

Timing Details:
---------------
All values displayed in nanoseconds (ns)

=========================================================================
Timing constraint: Default path analysis
  Total number of paths / destination ports: 1613 / 17
-------------------------------------------------------------------------
Delay:               6.427ns (Levels of Logic = 11)
  Source:            A<1> (PAD)
  Destination:       S<13> (PAD)

  Data Path: A<1> to S<13>
                                Gate     Net
    Cell:in->out      fanout   Delay   Delay  Logical Name (Net Name)
    ----------------------------------------  ------------
     IBUF:I->O             3   0.001   0.693  A_1_IBUF (A_1_IBUF)
     LUT5:I0->O            5   0.097   0.712  Ad0_BCD/Adder/Ad1/Cout1 (Ad0_BCD/Adder/c<2>)
     LUT6:I0->O            4   0.097   0.393  Ad0_BCD/SomaOuNao_61 (Cout4DigitsBCD<0>)
     LUT5:I3->O            5   0.097   0.712  Ad1_BCD/Adder/Ad1/Cout1 (Ad1_BCD/Adder/c<2>)
     LUT6:I0->O            4   0.097   0.393  Ad1_BCD/SomaOuNao_61 (Cout4DigitsBCD<1>)
     LUT5:I3->O            5   0.097   0.712  Ad2_BCD/Adder/Ad1/Cout1 (Ad2_BCD/Adder/c<2>)
     LUT6:I0->O            4   0.097   0.393  Ad2_BCD/SomaOuNao_61 (Cout4DigitsBCD<2>)
     LUT5:I3->O            3   0.097   0.703  Ad3_BCD/Adder/Ad1/Cout1 (Ad3_BCD/Adder/c<2>)
     LUT6:I0->O            2   0.097   0.561  Ad3_BCD/SomaOuNao_61 (Cout_OBUF)
     LUT6:I2->O            1   0.097   0.279  Ad3_BCD/Adder_6/Ad1/Mxor_S_xo<0>1 (S_13_OBUF)
     OBUF:I->O                 0.000          S_13_OBUF (S<13>)
    ----------------------------------------
    Total                      6.427ns (0.874ns logic, 5.553ns route)
                                       (13.6% logic, 86.4% route)

=========================================================================

Cross Clock Domains Report:
--------------------------

=========================================================================


Total REAL time to Xst completion: 10.00 secs
Total CPU time to Xst completion: 9.17 secs
 
--> 


Total memory usage is 496316 kilobytes

Number of errors   :    0 (   0 filtered)
Number of warnings :    0 (   0 filtered)
Number of infos    :    1 (   0 filtered)

