ISim log file
Running: /home/lukas/ISE_PROJETOS/SD_BCD_OP/Multiplica2Digits_isim_beh.exe -intstyle ise -gui -tclbatch isim.cmd -wdb /home/lukas/ISE_PROJETOS/SD_BCD_OP/Multiplica2Digits_isim_beh.wdb 
INFO: There is another simulation running in the same directory. Using database file name isim1.wdb.
ISim P.20131013 (signature 0xfbc00daa)
WARNING: A WEBPACK license was found.
WARNING: Please use Xilinx License Configuration Manager to check out a full ISim license.
WARNING: ISim will run in Lite mode. Please refer to the ISim documentation for more information on the differences between the Lite and the Full version.
This is a Lite version of ISim.
Time resolution is 1 ps
# onerror resume
# wave add /
# run 1000 ns
Simulator is doing circuit initialization process.
Finished circuit initialization process.
# isim force add /multiplica2digits/a 1001 -radix bin -value 0110 -radix bin -time 2 us -repeat 4 us -cancel 16 us
# isim force add /multiplica2digits/b 1001 -radix bin -value 0101 -radix bin -time 1 us -repeat 2 us -cancel 16 us
# isim force add /multiplica2digits/cin 1001 -radix bin -value 0101 -radix bin -time 1 us -repeat 2 us -cancel 16 us
# isim force add /multiplica2digits/cin 1001 -radix bin -value 0101 -radix bin -time 1 us -repeat 2 us -cancel 16 us
# run all
# restart
# isim force add /multiplica2digits/a 1001 -radix bin -value 0110 -radix bin -time 2 us -repeat 4 us -cancel 16 us
# isim force add /multiplica2digits/b 0111 -radix bin -value 0101 -radix bin -time 1 us -repeat 2 us -cancel 16 us
# isim force add /multiplica2digits/cin 1001 -radix bin -value 0110 -radix bin -time 1 us -repeat 2 us -cancel 16 us
# isim force add /multiplica2digits/cin 1001 -radix bin -value 0110 -radix bin -time 1 us -repeat 2 us -cancel 16 us
# run all
Simulator is doing circuit initialization process.
Finished circuit initialization process.
# restart
# isim force add /multiplica2digits/a 0011 -radix bin -value 0100 -radix bin -time 2 us -repeat 4 us -cancel 16 us
# isim force add /multiplica2digits/b 0010 -radix bin -value 0111 -radix bin -time 1 us -repeat 2 us -cancel 16 us
# isim force add /multiplica2digits/cin 0010 -radix bin -value 0111 -radix bin -time 1 us -repeat 2 us -cancel 16 us
# isim force add /multiplica2digits/cin 0010 -radix bin -value 0111 -radix bin -time 1 us -repeat 2 us -cancel 16 us
# run all
Simulator is doing circuit initialization process.
Finished circuit initialization process.
# exit 0
# exit 0
