Command line:
   Adder2DigitsBCD_isim_beh.exe
     -simmode  gui
     -simrunnum  0
     -socket  59253

Wed Dec 12 22:04:39 2018


 Elaboration Time: 0.02 sec

 Current Memory Usage: 196.018 Meg

 Total Signals          : 62
 Total Nets             : 34
 Total Signal Drivers   : 24
 Total Blocks           : 12
 Total Primitive Blocks : 9
 Total Processes        : 24
 Total Traceable Variables  : 8
 Total Scalar Nets and Variables : 394
Total Line Count : 24
Total Line Count : 24

 Total Simulation Time: 0.05 sec

 Current Memory Usage: 271.52 Meg

Wed Dec 12 22:14:28 2018

