Command line:
   Multiplica2Digits_isim_beh.exe
     -simmode  gui
     -simrunnum  1
     -socket  44775

Tue Nov  6 20:27:11 2018


 Elaboration Time: 0.03 sec

 Current Memory Usage: 196.428 Meg

 Total Signals          : 387
 Total Nets             : 219
 Total Signal Drivers   : 136
 Total Blocks           : 69
 Total Primitive Blocks : 49
 Total Processes        : 133
 Total Traceable Variables  : 8
 Total Scalar Nets and Variables : 579
Total Line Count : 141
Total Line Count : 141
Total Line Count : 141

 Total Simulation Time: 0.06 sec

 Current Memory Usage: 271.929 Meg

Tue Nov  6 20:34:48 2018

